

=== Запуск data_creation.py ===
Посмотрим несколько строк полученного датасета
            Температура
Дата                   
2021-01-01    29.337817
2021-01-02    27.896967
2021-01-03    19.117943
2021-01-04    25.245530
2021-01-05    24.396125
размер датасета
1095
Размер тренировочного набора: 876
Размер тестового набора: 219
data_creation.py завершился успешно


=== Запуск model_preparation.py ===
Среднеквадратичная ошибка на валидационном наборе: 60.020146508299895
Модель сохранена в файл temperature_model.joblib
model_preparation.py завершился успешно


=== Запуск model_testing.py ===
Среднеквадратичная ошибка на тестовом наборе: 179.92255488665646
            Фактическое значение  Предсказанное значение
Дата                                                    
2021-01-03             19.117943               27.839887
2021-01-04             25.245530               25.378132
2021-01-11             30.333080               22.681287
2021-01-13             35.174670               25.323305
2021-01-24             31.699421               29.295929
...                          ...                     ...
2023-12-31             45.879614               45.383346
2023-12-31             26.503765               45.383346
2023-12-31             45.879614               45.383346
2023-12-31             45.879614               45.383346
2023-12-31             45.879614               45.383346

[1679 rows x 2 columns]
model_testing.py завершился успешно
=== Все скрипты выполнены без ошибок ===
